
4월 03, 2017 19:08:48.88 NEW SESSION
4월 03, 2017 19:08:48.88 [804:796:0403/190848.856:ERROR:gles2_cmd_decoder.cc(16945)] [.DisplayCompositor-0000013FE4864C50]GL ERROR :GL_INVALID_OPERATION : glCreateAndConsumeTextureCHROMIUM: invalid mailbox name
4월 03, 2017 19:08:48.91 [804:796:0403/190848.856:ERROR:gles2_cmd_decoder.cc(9408)] [.DisplayCompositor-0000013FE4864C50]RENDER WARNING: texture bound to texture unit 0 is not renderable. It maybe non-power-of-2 and have incompatible texture filtering.
4월 03, 2017 19:09:37.97 
4월 03, 2017 19:09:37.97 KLIB_SelfTest return : KLR_OK
4월 03, 2017 22:08:51.97 [9176:3536:0403/220851.969:ERROR:connection_factory_impl.cc(367)] Failed to connect to MCS endpoint with error -106
4월 03, 2017 22:08:52.71 [9176:7536:0403/220852.714:ERROR:gcm_channel_status_request.cc(89)] GCM channel request failed.
4월 03, 2017 22:08:54.25 [9176:3536:0403/220854.251:ERROR:connection_factory_impl.cc(367)] Failed to connect to MCS endpoint with error -106
4월 03, 2017 22:09:16.27 [9176:7536:0403/220916.273:ERROR:gcm_channel_status_request.cc(89)] GCM channel request failed.
4월 03, 2017 22:09:20.62 [9176:3536:0403/220920.623:ERROR:connection_factory_impl.cc(367)] Failed to connect to MCS endpoint with error -105
4월 03, 2017 22:09:43.90 [9176:3536:0403/220943.908:ERROR:connection_factory_impl.cc(367)] Failed to connect to MCS endpoint with error -106
4월 03, 2017 22:20:32.47 [9176:3536:0403/222032.477:ERROR:connection_factory_impl.cc(367)] Failed to connect to MCS endpoint with error -106
4월 03, 2017 22:20:53.90 [9176:3536:0403/222053.907:ERROR:connection_factory_impl.cc(367)] Failed to connect to MCS endpoint with error -106
4월 03, 2017 22:41:50.01 A Parser-blocking, cross-origin script, http://b.scorecardresearch.com/beacon.js, is invoked via document.write. This may be blocked by the browser if the device has poor network connectivity. See https://www.chromestatus.com/feature/5718547946799104 for more details.
4월 03, 2017 22:41:50.01 A Parser-blocking, cross-origin script, http://b.scorecardresearch.com/beacon.js, is invoked via document.write. This may be blocked by the browser if the device has poor network connectivity. See https://www.chromestatus.com/feature/5718547946799104 for more details.
4월 03, 2017 22:41:50.02 A Parser-blocking, cross-origin script, http://ad.hani.co.kr/RealMedia/ads/adstream_jx.ads/www.huffingtonpost.kr/a_all@Middle3?entryID=15773314&tags=@instantarticle&tags=%EA%B5%AD%EB%B0%A9&tags=%EA%B5%AD%EC%A0%9C&tags=%EB%8F%84%EB%84%90%EB%93%9C-%ED%8A%B8%EB%9F%BC%ED%94%84&tags=%EB%AF%B8%EA%B5%AD&tags=%EB%B6%81%ED%95%9C&tags=%EB%B6%81%ED%95%B5&tags=%EC%8B%9C%EC%A7%84%ED%95%91&tags=%EC%99%B8%EA%B5%90&tags=%EC%A0%95%EC%B9%98&tags=%EC%A4%91%EA%B5%AD, is invoked via document.write. This may be blocked by the browser if the device has poor network connectivity. See https://www.chromestatus.com/feature/5718547946799104 for more details.
4월 03, 2017 22:41:50.02 A Parser-blocking, cross-origin script, http://ad.hani.co.kr/RealMedia/ads/adstream_jx.ads/www.huffingtonpost.kr/a_all@Middle3?entryID=15773314&tags=@instantarticle&tags=%EA%B5%AD%EB%B0%A9&tags=%EA%B5%AD%EC%A0%9C&tags=%EB%8F%84%EB%84%90%EB%93%9C-%ED%8A%B8%EB%9F%BC%ED%94%84&tags=%EB%AF%B8%EA%B5%AD&tags=%EB%B6%81%ED%95%9C&tags=%EB%B6%81%ED%95%B5&tags=%EC%8B%9C%EC%A7%84%ED%95%91&tags=%EC%99%B8%EA%B5%90&tags=%EC%A0%95%EC%B9%98&tags=%EC%A4%91%EA%B5%AD, is invoked via document.write. This may be blocked by the browser if the device has poor network connectivity. See https://www.chromestatus.com/feature/5718547946799104 for more details.
4월 03, 2017 22:41:50.03 A Parser-blocking, cross-origin script, http://ad.hani.co.kr/RealMedia/ads/adstream_jx.ads/www.huffingtonpost.kr/a_all@Middle2?entryID=15773314&tags=@instantarticle&tags=%EA%B5%AD%EB%B0%A9&tags=%EA%B5%AD%EC%A0%9C&tags=%EB%8F%84%EB%84%90%EB%93%9C-%ED%8A%B8%EB%9F%BC%ED%94%84&tags=%EB%AF%B8%EA%B5%AD&tags=%EB%B6%81%ED%95%9C&tags=%EB%B6%81%ED%95%B5&tags=%EC%8B%9C%EC%A7%84%ED%95%91&tags=%EC%99%B8%EA%B5%90&tags=%EC%A0%95%EC%B9%98&tags=%EC%A4%91%EA%B5%AD, is invoked via document.write. This may be blocked by the browser if the device has poor network connectivity. See https://www.chromestatus.com/feature/5718547946799104 for more details.
4월 03, 2017 22:41:50.03 A Parser-blocking, cross-origin script, http://ad.hani.co.kr/RealMedia/ads/adstream_jx.ads/www.huffingtonpost.kr/a_all@Middle2?entryID=15773314&tags=@instantarticle&tags=%EA%B5%AD%EB%B0%A9&tags=%EA%B5%AD%EC%A0%9C&tags=%EB%8F%84%EB%84%90%EB%93%9C-%ED%8A%B8%EB%9F%BC%ED%94%84&tags=%EB%AF%B8%EA%B5%AD&tags=%EB%B6%81%ED%95%9C&tags=%EB%B6%81%ED%95%B5&tags=%EC%8B%9C%EC%A7%84%ED%95%91&tags=%EC%99%B8%EA%B5%90&tags=%EC%A0%95%EC%B9%98&tags=%EC%A4%91%EA%B5%AD, is invoked via document.write. This may be blocked by the browser if the device has poor network connectivity. See https://www.chromestatus.com/feature/5718547946799104 for more details.
4월 03, 2017 22:41:50.04 A Parser-blocking, cross-origin script, http://static.criteo.net/js/ld/publishertag.js, is invoked via document.write. This may be blocked by the browser if the device has poor network connectivity. See https://www.chromestatus.com/feature/5718547946799104 for more details.
4월 03, 2017 22:41:50.04 A Parser-blocking, cross-origin script, http://static.criteo.net/js/ld/publishertag.js, is invoked via document.write. This may be blocked by the browser if the device has poor network connectivity. See https://www.chromestatus.com/feature/5718547946799104 for more details.
4월 03, 2017 22:41:50.04 A Parser-blocking, cross-origin script, http://cas.criteo.com/delivery/ajs.php?ptv=14&zoneid=525170&cb=73841222083&nodis=1&charset=UTF-8&dc=3&atfr=0&loc=http%3A%2F%2Fwww.huffingtonpost.kr%2F2017%2F04%2F03%2F-_n_15773314.html%3F1491204127, is invoked via document.write. This may be blocked by the browser if the device has poor network connectivity. See https://www.chromestatus.com/feature/5718547946799104 for more details.
4월 03, 2017 22:42:51.19 A Parser-blocking, cross-o[WARNING:..\..\..\..\flash\platform\pepper\pep_module.cpp(63)] SANDBOXED
4월 04, 2017 24:20:38.17 
4월 04, 2017 24:20:38.18 KLIB_SelfTest return : KLR_OK
